[2025-11-08 23:38:13] === 🔐 BotStore Security System Started ===
[2025-11-08 23:38:17] ▶ Running hash_validator.py ...
[2025-11-08 23:38:17] ▶ Running scanner.py ...
[2025-11-08 23:38:18] ▶ Running backup.py ...
[2025-11-08 23:38:20] ▶ Running monitor.py ...
[2025-11-08 23:38:21] ⏳ Waiting 600 seconds before next run...
[2025-11-08 23:38:23] ⏳ Waiting 1800 seconds before next run...
[2025-11-08 23:48:23] ▶ Running hash_validator.py ...
[2025-11-08 23:48:24] ⏳ Waiting 600 seconds before next run...
[2025-11-08 23:58:25] ▶ Running hash_validator.py ...
[2025-11-08 23:58:27] ⏳ Waiting 600 seconds before next run...
[2025-11-09 00:08:24] ▶ Running backup.py ...
[2025-11-09 00:08:27] ⏳ Waiting 1800 seconds before next run...
[2025-11-09 00:08:29] ▶ Running hash_validator.py ...
[2025-11-09 00:08:30] ⏳ Waiting 600 seconds before next run...
[2025-11-09 00:18:31] ▶ Running hash_validator.py ...
[2025-11-09 00:18:33] ⏳ Waiting 600 seconds before next run...
[2025-11-09 00:28:34] ▶ Running hash_validator.py ...
[2025-11-09 00:28:49] ⏳ Waiting 600 seconds before next run...
[2025-11-09 00:38:30] ▶ Running backup.py ...
[2025-11-09 00:38:59] ▶ Running hash_validator.py ...
[2025-11-09 00:40:11] ⏳ Waiting 600 seconds before next run...
[2025-11-09 00:42:18] ⏳ Waiting 1800 seconds before next run...
[2025-11-09 00:50:17] ▶ Running hash_validator.py ...
[2025-11-09 00:50:19] ⏳ Waiting 600 seconds before next run...
[2025-11-09 01:00:20] ▶ Running hash_validator.py ...
[2025-11-09 01:00:27] ⏳ Waiting 600 seconds before next run...
[2025-11-09 01:10:29] ▶ Running hash_validator.py ...
[2025-11-09 01:10:36] ⏳ Waiting 600 seconds before next run...
[2025-11-09 01:12:21] ▶ Running backup.py ...
[2025-11-09 01:20:55] ▶ Running hash_validator.py ...
[2025-11-09 01:21:18] ⏳ Waiting 600 seconds before next run...
